<?xml version="1.0" encoding="UTF-8"?>
<coverage generated="1754256420969" clover="3.2.0">
  <project timestamp="1754256420969" name="All files">
    <metrics statements="39" coveredstatements="39" conditionals="17" coveredconditionals="16" methods="5" coveredmethods="5" elements="61" coveredelements="60" complexity="0" loc="39" ncloc="39" packages="1" files="3" classes="3"/>
    <file name="block-helpers.ts" path="/home/runner/work/minecraft-mcp-server/minecraft-mcp-server/src/block-helpers.ts">
      <metrics statements="29" coveredstatements="29" conditionals="15" coveredconditionals="14" methods="2" coveredmethods="2"/>
      <line num="1" count="2" type="stmt"/>
      <line num="2" count="2" type="stmt"/>
      <line num="12" count="2" type="stmt"/>
      <line num="15" count="2" type="cond" truecount="1" falsecount="0"/>
      <line num="16" count="17" type="stmt"/>
      <line num="17" count="17" type="stmt"/>
      <line num="18" count="17" type="stmt"/>
      <line num="19" count="15" type="cond" truecount="4" falsecount="0"/>
      <line num="20" count="1" type="stmt"/>
      <line num="23" count="14" type="stmt"/>
      <line num="33" count="14" type="cond" truecount="2" falsecount="0"/>
      <line num="34" count="22" type="stmt"/>
      <line num="35" count="6" type="cond" truecount="1" falsecount="1"/>
      <line num="36" count="6" type="stmt"/>
      <line num="41" count="14" type="stmt"/>
      <line num="42" count="25" type="stmt"/>
      <line num="43" count="25" type="stmt"/>
      <line num="45" count="25" type="cond" truecount="4" falsecount="0"/>
      <line num="46" count="13" type="cond" truecount="2" falsecount="0"/>
      <line num="48" count="2" type="stmt"/>
      <line num="49" count="2" type="stmt"/>
      <line num="52" count="12" type="stmt"/>
      <line num="54" count="12" type="stmt"/>
      <line num="55" count="12" type="stmt"/>
      <line num="56" count="11" type="stmt"/>
      <line num="58" count="1" type="stmt"/>
      <line num="59" count="1" type="stmt"/>
      <line num="64" count="2" type="stmt"/>
      <line num="66" count="3" type="stmt"/>
    </file>
    <file name="cli-args.ts" path="/home/runner/work/minecraft-mcp-server/minecraft-mcp-server/src/cli-args.ts">
      <metrics statements="4" coveredstatements="4" conditionals="0" coveredconditionals="0" methods="1" coveredmethods="1"/>
      <line num="1" count="2" type="stmt"/>
      <line num="2" count="2" type="stmt"/>
      <line num="10" count="2" type="stmt"/>
      <line num="11" count="7" type="stmt"/>
    </file>
    <file name="response-helpers.ts" path="/home/runner/work/minecraft-mcp-server/minecraft-mcp-server/src/response-helpers.ts">
      <metrics statements="6" coveredstatements="6" conditionals="2" coveredconditionals="2" methods="2" coveredmethods="2"/>
      <line num="16" count="4" type="stmt"/>
      <line num="17" count="47" type="stmt"/>
      <line num="22" count="4" type="stmt"/>
      <line num="23" count="16" type="cond" truecount="2" falsecount="0"/>
      <line num="24" count="16" type="stmt"/>
      <line num="25" count="16" type="stmt"/>
    </file>
  </project>
</coverage>
