TN:
SF:src/block-helpers.ts
FN:15,placeSingleBlock
FN:34,(anonymous_2)
FNF:2
FNH:2
FNDA:17,placeSingleBlock
FNDA:22,(anonymous_2)
DA:1,2
DA:2,2
DA:12,2
DA:15,2
DA:16,17
DA:17,17
DA:18,17
DA:19,15
DA:20,1
DA:23,14
DA:33,14
DA:34,22
DA:35,6
DA:36,6
DA:41,14
DA:42,25
DA:43,25
DA:45,25
DA:46,13
DA:48,2
DA:49,2
DA:52,12
DA:54,12
DA:55,12
DA:56,11
DA:58,1
DA:59,1
DA:64,2
DA:66,3
LF:29
LH:29
BRDA:15,0,0,10
BRDA:19,1,0,1
BRDA:19,1,1,14
BRDA:19,2,0,15
BRDA:19,2,1,15
BRDA:33,3,0,6
BRDA:33,3,1,8
BRDA:35,4,0,6
BRDA:35,4,1,0
BRDA:45,5,0,13
BRDA:45,5,1,12
BRDA:45,6,0,25
BRDA:45,6,1,25
BRDA:46,7,0,2
BRDA:46,7,1,11
BRF:15
BRH:14
end_of_record
TN:
SF:src/cli-args.ts
FN:10,parseCommandLineArgs
FNF:1
FNH:1
FNDA:7,parseCommandLineArgs
DA:1,2
DA:2,2
DA:10,2
DA:11,7
LF:4
LH:4
BRF:0
BRH:0
end_of_record
TN:
SF:src/response-helpers.ts
FN:16,createResponse
FN:22,createErrorResponse
FNF:2
FNH:2
FNDA:47,createResponse
FNDA:16,createErrorResponse
DA:16,4
DA:17,47
DA:22,4
DA:23,16
DA:24,16
DA:25,16
LF:6
LH:6
BRDA:23,0,0,2
BRDA:23,0,1,14
BRF:2
BRH:2
end_of_record
